
> frontend@0.1.0 build /Users/vanessa/Sites/localhost/TelegramPlugin/packages/frontend
> next build --turbopack

   ▲ Next.js 15.5.4 (Turbopack)
   - Environments: .env.local

   Creating an optimized production build ...
 ✓ Finished writing to disk in 27ms
 ✓ Compiled successfully in 1850ms
   Linting and checking validity of types ...

./src/app/dashboard/organizations/[id]/edit/page.tsx
21:6  Warning: React Hook useEffect has a missing dependency: 'loadOrganization'. Either include it or remove the dependency array.  react-hooks/exhaustive-deps

./src/app/dashboard/organizations/[id]/page.tsx
20:6  Warning: React Hook useEffect has a missing dependency: 'loadOrganization'. Either include it or remove the dependency array.  react-hooks/exhaustive-deps

info  - Need to disable some ESLint rules? Learn more here: https://nextjs.org/docs/app/api-reference/config/eslint#disabling-rules
   Collecting page data ...
   Generating static pages (0/9) ...
   Generating static pages (2/9) 
   Generating static pages (4/9) 
   Generating static pages (6/9) 
 ✓ Generating static pages (9/9)
   Finalizing page optimization ...
   Collecting build traces ...

Route (app)                                Size  First Load JS
┌ ○ /                                   5.41 kB         153 kB
├ ○ /_not-found                             0 B         147 kB
├ ○ /dashboard                              0 B         190 kB
├ ○ /dashboard/organizations            1.48 kB         192 kB
├ ƒ /dashboard/organizations/[id]       1.52 kB         192 kB
├ ƒ /dashboard/organizations/[id]/edit  1.61 kB         217 kB
├ ○ /dashboard/organizations/new        1.39 kB         217 kB
└ ○ /login                              1.75 kB         159 kB
+ First Load JS shared by all            153 kB
  ├ chunks/3047f47d711df696.js            13 kB
  ├ chunks/75f8c107f5913afa.js          59.2 kB
  ├ chunks/8911538836008b17.js          29.8 kB
  ├ chunks/a39ef5fad21bc4e3.js          17.1 kB
  └ other shared chunks (total)         34.3 kB


○  (Static)   prerendered as static content
ƒ  (Dynamic)  server-rendered on demand

